<?xml version="1.0" encoding="UTF-8"?>
<!-- Generated by org.testng.reporters.JUnitXMLReporter -->
<testsuite ignored="2" hostname="Naveens-MacBook-Air.local" failures="0" tests="4" name="Surefire test" time="2.497" errors="0" timestamp="01 Oct 2018 19:05:26 GMT">
  <testcase classname="com.webuitest.suite.NavigatePage2Test" name="careers" time="0.98"/>
  <testcase classname="com.webuitest.suite.NavigatePage2Test" name="contacts" time="0.386"/>
  <testcase classname="com.webuitest.suite.NavigatePageTest" name="about" time="0.418"/>
  <testcase classname="com.webuitest.suite.NavigatePageTest" name="news" time="0.374"/>
  <testcase classname="com.webuitest.suite.BaseTest" name="@BeforeSuite setupTest" time="0.0">
    <ignored/>
  </testcase> <!-- @BeforeSuite setupTest -->
  <testcase classname="com.webuitest.suite.BaseTest" name="@AfterSuite tearDownTest" time="0.0">
    <ignored/>
  </testcase> <!-- @AfterSuite tearDownTest -->
</testsuite> <!-- Surefire test -->
