<?xml version="1.0" encoding="UTF-8"?>
<testng-results skipped="0" failed="0" ignored="0" total="2" passed="2">
  <reporter-output>
  </reporter-output>
  <suite name="Surefire suite" duration-ms="95271" started-at="2020-03-25T19:22:22Z" finished-at="2020-03-25T19:23:57Z">
    <groups>
    </groups>
    <test name="Surefire test" duration-ms="95271" started-at="2020-03-25T19:22:22Z" finished-at="2020-03-25T19:23:57Z">
      <class name="com.webuitest.suite.DisneySignupTest">
        <test-method status="PASS" signature="setupTest()[pri:0, instance:com.webuitest.suite.DisneySignupTest@3a54638b]" name="setupTest" is-config="true" duration-ms="15135" started-at="2020-03-25T12:22:07Z" finished-at="2020-03-25T12:22:22Z">
          <reporter-output>
          </reporter-output>
        </test-method> <!-- setupTest -->
        <test-method status="PASS" signature="Signup()[pri:1, instance:com.webuitest.suite.DisneySignupTest@3a54638b]" name="Signup" duration-ms="42757" started-at="2020-03-25T12:22:22Z" finished-at="2020-03-25T12:23:05Z">
          <reporter-output>
          </reporter-output>
        </test-method> <!-- Signup -->
        <test-method status="PASS" signature="Login()[pri:2, instance:com.webuitest.suite.DisneySignupTest@3a54638b]" name="Login" duration-ms="51710" started-at="2020-03-25T12:23:05Z" finished-at="2020-03-25T12:23:57Z">
          <reporter-output>
          </reporter-output>
        </test-method> <!-- Login -->
        <test-method status="PASS" signature="tearDownTest()[pri:0, instance:com.webuitest.suite.DisneySignupTest@3a54638b]" name="tearDownTest" is-config="true" duration-ms="326" started-at="2020-03-25T12:23:58Z" finished-at="2020-03-25T12:23:58Z">
          <reporter-output>
          </reporter-output>
        </test-method> <!-- tearDownTest -->
      </class> <!-- com.webuitest.suite.DisneySignupTest -->
    </test> <!-- Surefire test -->
  </suite> <!-- Surefire suite -->
</testng-results>
