<?xml version="1.0" encoding="UTF-8"?>
<testsuite xmlns:xsi="http://www.w3.org/2001/XMLSchema-instance" xsi:noNamespaceSchemaLocation="https://maven.apache.org/surefire/maven-surefire-plugin/xsd/surefire-test-report.xsd" name="TestSuite" time="11.152" tests="4" errors="0" skipped="0" failures="0">
  <properties>
[...]
</properties>
  <testcase name="careers" classname="com.webuitest.suite.NavigatePage2Test" time="0.945"/>
  <testcase name="contacts" classname="com.webuitest.suite.NavigatePage2Test" time="0.423"/>
  <testcase name="about" classname="com.webuitest.suite.NavigatePageTest" time="0.414"/>
  <testcase name="news" classname="com.webuitest.suite.NavigatePageTest" time="0.391"/>
</testsuite>